<?xml version="1.0" encoding="UTF-8"?>
<testng-results skipped="0" failed="0" ignored="0" total="1" passed="1">
  <reporter-output>
  </reporter-output>
  <suite name="Default suite" duration-ms="19914" started-at="2017-06-23T15:38:50Z" finished-at="2017-06-23T15:39:10Z">
    <groups>
    </groups>
    <test name="Default test" duration-ms="19914" started-at="2017-06-23T15:38:50Z" finished-at="2017-06-23T15:39:10Z">
      <class name="Testng.Automation$yourLogoClass">
        <test-method status="PASS" signature="beforeTesting()[pri:0, instance:Testng.Automation$yourLogoClass@66f57048]" name="beforeTesting" is-config="true" duration-ms="15" started-at="2017-06-23T09:38:50Z" finished-at="2017-06-23T09:38:50Z">
          <reporter-output>
          </reporter-output>
        </test-method> <!-- beforeTesting -->
        <test-method status="PASS" signature="seleniumTesting()[pri:0, instance:Testng.Automation$yourLogoClass@66f57048]" name="seleniumTesting" duration-ms="19873" started-at="2017-06-23T09:38:50Z" finished-at="2017-06-23T09:39:10Z">
          <reporter-output>
          </reporter-output>
        </test-method> <!-- seleniumTesting -->
        <test-method status="PASS" signature="afterTesting()[pri:0, instance:Testng.Automation$yourLogoClass@66f57048]" name="afterTesting" is-config="true" duration-ms="0" started-at="2017-06-23T09:39:10Z" finished-at="2017-06-23T09:39:10Z">
          <reporter-output>
          </reporter-output>
        </test-method> <!-- afterTesting -->
      </class> <!-- Testng.Automation$yourLogoClass -->
    </test> <!-- Default test -->
  </suite> <!-- Default suite -->
</testng-results>
